<?xml version="1.0" encoding="UTF-8"?>
<testsuite xmlns:xsi="http://www.w3.org/2001/XMLSchema-instance" xsi:noNamespaceSchemaLocation="https://maven.apache.org/surefire/maven-surefire-plugin/xsd/surefire-test-report.xsd" name="functional.junit.RegistrationTests" time="4.829" tests="2" errors="0" skipped="0" failures="0">
  <properties>
[...]
</properties>
  <testcase name="testPassRegistrationValidation" classname="functional.junit.RegistrationTests" time="2.793"/>
  <testcase name="testFailRegistrationValidation" classname="functional.junit.RegistrationTests" time="2.009"/>
</testsuite>